6/29/2012 4:31:55 PM : Starting purge of Index : M:\STAR_Doc\Delivered Files - DOC USE ONLY\stdoc18.0\patcare\Patcare.pdx
6/29/2012 4:31:55 PM : Deleting files from current index
6/29/2012 4:31:55 PM : Deleting : M:\STAR_Doc\Delivered Files - DOC USE ONLY\stdoc18.0\patcare\Patcare\index.idx
6/29/2012 4:31:55 PM : Deleting : M:\STAR_Doc\Delivered Files - DOC USE ONLY\stdoc18.0\patcare\Patcare\index1.idx
6/29/2012 4:31:55 PM : Index purge successful

6/29/2012 4:32:35 PM : Starting build of Index : M:\STAR_Doc\Delivered Files - DOC USE ONLY\stdoc18.0\patcare\Patcare.pdx
6/29/2012 4:32:36 PM : Searching : M:\STAR_Doc\Delivered Files - DOC USE ONLY\stdoc18.0\patcare\
6/29/2012 4:33:34 PM : Indexing 38 files
6/29/2012 4:33:34 PM : Extracting : M:\STAR_Doc\Delivered Files - DOC USE ONLY\stdoc18.0\patcare\Pccare.pdf
6/29/2012 4:34:05 PM : Extracting : M:\STAR_Doc\Delivered Files - DOC USE ONLY\stdoc18.0\patcare\Pccpws.pdf
6/29/2012 4:34:06 PM : Extracting : M:\STAR_Doc\Delivered Files - DOC USE ONLY\stdoc18.0\patcare\Pcclmgmt.pdf
6/29/2012 4:34:26 PM : Extracting : M:\STAR_Doc\Delivered Files - DOC USE ONLY\stdoc18.0\patcare\Pccmws.pdf
6/29/2012 4:34:27 PM : Extracting : M:\STAR_Doc\Delivered Files - DOC USE ONLY\stdoc18.0\patcare\Pcpatacu.pdf
6/29/2012 4:34:35 PM : Extracting : M:\STAR_Doc\Delivered Files - DOC USE ONLY\stdoc18.0\patcare\Pcpatas.pdf
6/29/2012 4:34:45 PM : Extracting : M:\STAR_Doc\Delivered Files - DOC USE ONLY\stdoc18.0\patcare\Pcrmbipg.pdf
6/29/2012 4:34:48 PM : Extracting : M:\STAR_Doc\Delivered Files - DOC USE ONLY\stdoc18.0\patcare\Pcresqor.pdf
6/29/2012 4:34:55 PM : Extracting : M:\STAR_Doc\Delivered Files - DOC USE ONLY\stdoc18.0\patcare\Pcsched.pdf
6/29/2012 4:35:14 PM : Extracting : M:\STAR_Doc\Delivered Files - DOC USE ONLY\stdoc18.0\patcare\Pcpsws.pdf
6/29/2012 4:35:16 PM : Extracting : M:\STAR_Doc\Delivered Files - DOC USE ONLY\stdoc18.0\patcare\Pcchart.pdf
6/29/2012 4:35:36 PM : Extracting : M:\STAR_Doc\Delivered Files - DOC USE ONLY\stdoc18.0\patcare\Pcumgmt.pdf
6/29/2012 4:35:50 PM : Extracting : M:\STAR_Doc\Delivered Files - DOC USE ONLY\stdoc18.0\patcare\Pcumws.pdf
6/29/2012 4:35:53 PM : Extracting : M:\STAR_Doc\Delivered Files - DOC USE ONLY\stdoc18.0\patcare\Pcroispc.pdf
6/29/2012 4:35:54 PM : Extracting : M:\STAR_Doc\Delivered Files - DOC USE ONLY\stdoc18.0\patcare\Pcroi.pdf
6/29/2012 4:36:03 PM : Extracting : M:\STAR_Doc\Delivered Files - DOC USE ONLY\stdoc18.0\patcare\Pcmrtvs.pdf
6/29/2012 4:36:06 PM : Extracting : M:\STAR_Doc\Delivered Files - DOC USE ONLY\stdoc18.0\patcare\Pcprvpls.pdf
6/29/2012 4:36:08 PM : Extracting : M:\STAR_Doc\Delivered Files - DOC USE ONLY\stdoc18.0\patcare\Pccode3.pdf
6/29/2012 4:36:13 PM : Extracting : M:\STAR_Doc\Delivered Files - DOC USE ONLY\stdoc18.0\patcare\Pcmrws.pdf
6/29/2012 4:36:17 PM : Extracting : M:\STAR_Doc\Delivered Files - DOC USE ONLY\stdoc18.0\patcare\Pcdrg.pdf
6/29/2012 4:36:28 PM : Extracting : M:\STAR_Doc\Delivered Files - DOC USE ONLY\stdoc18.0\patcare\Pcmrtran.pdf
6/29/2012 4:36:34 PM : Extracting : M:\STAR_Doc\Delivered Files - DOC USE ONLY\stdoc18.0\patcare\Pcmres.pdf
6/29/2012 4:36:35 PM : Extracting : M:\STAR_Doc\Delivered Files - DOC USE ONLY\stdoc18.0\patcare\Pcmrge.pdf
6/29/2012 4:36:38 PM : Extracting : M:\STAR_Doc\Delivered Files - DOC USE ONLY\stdoc18.0\patcare\Pcmrabst.pdf
6/29/2012 4:37:36 PM : Extracting : M:\STAR_Doc\Delivered Files - DOC USE ONLY\stdoc18.0\patcare\Pcrepnam.pdf
6/29/2012 4:37:39 PM : Extracting : M:\STAR_Doc\Delivered Files - DOC USE ONLY\stdoc18.0\patcare\Pcomws.pdf
6/29/2012 4:37:41 PM : Extracting : M:\STAR_Doc\Delivered Files - DOC USE ONLY\stdoc18.0\patcare\Pcorder1.pdf
6/29/2012 4:38:19 PM : Extracting : M:\STAR_Doc\Delivered Files - DOC USE ONLY\stdoc18.0\patcare\Pcorder2.pdf
6/29/2012 4:39:10 PM : Extracting : M:\STAR_Doc\Delivered Files - DOC USE ONLY\stdoc18.0\patcare\Pcomes.pdf
6/29/2012 4:39:11 PM : Extracting : M:\STAR_Doc\Delivered Files - DOC USE ONLY\stdoc18.0\patcare\Pcppws.pdf
6/29/2012 4:39:21 PM : Extracting : M:\STAR_Doc\Delivered Files - DOC USE ONLY\stdoc18.0\patcare\Pctables.pdf
6/29/2012 4:40:24 PM : Extracting : M:\STAR_Doc\Delivered Files - DOC USE ONLY\stdoc18.0\patcare\Pcsplatws.pdf
6/29/2012 4:40:32 PM : Extracting : M:\STAR_Doc\Delivered Files - DOC USE ONLY\stdoc18.0\patcare\Pcsplat.pdf
6/29/2012 4:40:46 PM : Extracting : M:\STAR_Doc\Delivered Files - DOC USE ONLY\stdoc18.0\patcare\Pcpatpro.pdf
6/29/2012 4:42:13 PM : Extracting : M:\STAR_Doc\Delivered Files - DOC USE ONLY\stdoc18.0\patcare\Pcptpres.pdf
6/29/2012 4:42:14 PM : Extracting : M:\STAR_Doc\Delivered Files - DOC USE ONLY\stdoc18.0\patcare\Pcfcw.pdf
6/29/2012 4:42:23 PM : Extracting : M:\STAR_Doc\Delivered Files - DOC USE ONLY\stdoc18.0\patcare\Pcgenin.pdf
6/29/2012 4:43:08 PM : Extracting : M:\STAR_Doc\Delivered Files - DOC USE ONLY\stdoc18.0\patcare\Pcptws.pdf
6/29/2012 4:43:11 PM : Creating Index
6/29/2012 5:01:11 PM :   Total PDF files in all directories : 38
6/29/2012 5:01:11 PM :   Total PDF attachments : 0
6/29/2012 5:01:11 PM :   Total new files : 38
6/29/2012 5:01:11 PM :   Total pages indexed : 10756
6/29/2012 5:01:11 PM :   Total number of files skipped : 0
6/29/2012 5:01:11 PM :   Total deleted files : 0
6/29/2012 5:01:11 PM : Index build successful.
